sec=1
76
51
11
46
32
14
50
18
56
13
22
47
17
15
15
13
18
32
16
14
17
18
11
18
31
13
43
33
11
74
30
32
18
13
55
18
24
23
24
31
15
16
25
11
45
19
30
17
13
29
16
22
15
29
47
25
22
13
12
10
27
35
23
13
12
74
10
53
19
20
55
12
32
14
42
20
15
22
13
50
24
17
22
12
24
36
24
37
16
10
12
29
11
17
14
19
22
18
35
23
23
13
13
33
37
18
21
13
16
16
16
42
19
97
11
16
26
12
11
16
11
25
22
16
18
37
11
13
15
54
26
27
15
31
14
17
19
15
11
25
34
33
22
11
11
32
40
14
22
14
38
51
12
15
13
11
38
32
20
31
23
31
23
25
31
33
14
30
22
31
27
18
23
11
16
42
29
38
25
25
25
18
25
28
47
10
13
16
11
19
17
70
15
11
15
12
14
17
30
12
25
30
29
26
11
14
29
46
14
16
16
26
22
29
25
12
33
33
62
18
42
30
20
65
11
13
17
33
37
11
18
17
11
13
24
15
47
30
18
47
18
27
18
24
14
21
17
23
17
25
30
11
18
56
15
100
66
24
10
24
49
13
16
30
38
16
54
27
15
10
12
91
65
46
57
27
20
16
15
39
27
12
11
27
13
46
11
17
12
14
35
12
18
17
77
24
19
35
42
25
18
13
17
18
29
31
11
13
27
41
44
62
37
16
17
14
11
112
12
13
16
15
36
29
22
17
31
10
17
38
11
20
14
25
23
11
17
12
13
44
36
34
16
20
23
13
16
11
32
34
10
20
57
39
12
34
14
10
45
10
18
12
11
21
21
27
11
11
28
12
33
26
14
16
17
14
10
19
12
47
20
28
11
15
28
12
14
48
15
15
11
37
17
18
66
31
11
11
23
38
23
15
44
24
32
15
21
16
51
11
26
19
41
16
39
10
12
31
11
41
21
22
25
19
18
26
15
74
23
18
38
10
42
31
21
35
23
14
12
42
55
49
12
32
35
28
11
49
12
45
13
12
34
17
14
23
20
19
16
28
29
11
23
25
23
12
47
17
38
82
40
30
12
22
77
71
11
62
21
23
37
28
14
35
26
25
38
44
21
18
62
25
18
61
19
28
17
10
12
13
73
31
10
12
11
55
21
32
20
11
41
11
29
18
20
11
16
10
16
49
11
15
23
17
49
69
13
28
23
18
48
32
24
33
16
33
28
59
11
21
14
16
41
22
17
39
24
23
22
46
16
37
23
16
14
14
15
14
13
24
11
23
61
15
16
31
20
23
11
22
18
21
24
31
53
12
32
28
14
11
17
63
35
13
18
15
13
12
26
23
14
33
54
43
27
37
16
11
11
12
33
14
18
15
15
21
27
18
37
12
18
23
11
20
13
15
18
36
16
22
13
35
38
12
30
13
35
18
22
22
15
35
18
35
37
37
20
11
23
13
18
30
41
11
11
14
33
24
34
15
17
20
24
26
13
13
27
26
15
13
44
48
16
34
24
34
26
18
24
19
20
35
24
19
12
58
48
13
30
21
22
34
67
34
12
20
19
19
16
12
19
26
14
15
11
21
11
15
16
12
15
22
14
22
25
15
77
26
15
18
10
24
21
10
35
20
21
11
24
22
13
12
87
12
29
19
47
16
61
41
20
13
13
52
11
28
18
52
13
11
23
12
20
11
10
37
32
26
11
41
18
21
14
14
24
19
19
24
23
15
19
27
14
34
29
35
47
16
16
44
16
14
35
42
17
26
26
11
28
11
27
59
22
38
24
35
17
14
43
11
30
14
15
11
22
27
11
15
20
31
22
46
30
21
19
11
66
16
71
24
12
45
29
14
23
14
13
20
37
22
26
11
31
14
37
21
16
19
23
14
17
15
18
31
32
15
36
29
12
38
18
12
17
40
26
30
16
18
42
20
22
22
23
25
57
18
14
12
12
25
13
27
46
62
51
12
11
30
13
12
10
44
38
83
24
26
20
13
11
20
37
28
11
28
11
14
19
24
26
14
32
11
47
44
16
31
11
16
11
24
57
16
30
34
21
20
27
22
16
33
25
28
23
17
46
27
43
18
19
61
19
26
10
19
25
16
36
17
14
26
37
47
17
22
13
17
12
10
11
54
35
16
29
17
14
15
11
48
29
14
39
23
12
18
15
13
65
13
17
27
15
23
14
21
42
15
18
20
35
13
32
18
21
14
12
16
23
20
11
26
13
25
31
19
21
16
16
24
32
22
17
14
28
40
16
12
14
12
41
33
sec=2
40
35
34
69
32
37
29
31
33
45
50
22
68
22
27
24
41
26
38
23
28
26
30
20
30
27
24
20
34
22
20
38
46
23
26
26
20
49
22
31
32
33
30
25
24
26
31
34
24
20
36
72
58
29
31
50
75
29
29
28
36
66
52
45
24
27
25
32
35
25
35
36
60
23
57
53
30
56
71
31
26
30
26
32
22
29
23
39
41
24
43
30
23
29
63
22
46
22
21
43
45
26
21
25
22
25
26
20
23
32
21
34
33
32
34
72
26
30
24
29
34
66
59
46
32
30
27
26
27
56
62
43
22
25
30
33
28
23
24
44
33
20
26
27
28
57
35
52
28
24
43
21
23
43
38
97
29
20
21
34
56
59
25
27
73
20
29
23
20
30
23
25
27
24
36
29
147
24
29
28
30
30
23
25
26
29
66
47
27
72
23
35
30
49
48
49
21
38
41
32
32
28
28
59
24
41
28
27
23
27
31
32
25
23
31
23
35
56
21
31
32
55
22
41
32
23
37
22
43
25
20
42
42
44
32
80
49
42
54
20
27
128
28
20
29
32
33
28
25
25
92
32
49
25
29
22
28
35
20
36
33
42
43
49
21
31
38
27
30
27
43
23
21
38
26
28
23
36
42
36
21
31
32
24
25
34
70
24
30
28
22
29
37
80
26
22
20
49
20
29
34
23
46
38
25
50
21
32
53
22
20
31
40
33
23
55
34
75
19
51
30
21
22
39
30
59
39
24
35
24
27
102
21
70
32
20
39
30
24
62
46
60
31
58
27
20
29
23
30
63
20
26
49
20
23
27
41
26
24
33
44
25
23
25
22
49
20
22
32
23
23
32
43
50
41
68
25
20
37
28
31
73
20
52
39
33
34
32
35
46
22
30
50
69
32
23
24
44
29
33
54
22
25
25
53
25
28
21
38
30
37
23
70
38
36
82
26
27
36
31
115
22
24
52
25
21
43
33
39
29
21
23
22
63
26
22
24
28
31
26
31
82
49
37
91
68
26
41
30
22
34
40
38
45
27
23
21
28
51
48
41
44
25
29
55
39
25
50
20
46
40
104
38
38
29
29
54
27
39
30
22
28
38
20
23
42
41
44
36
76
39
21
30
39
36
27
37
27
20
47
29
26
24
75
34
37
39
66
24
31
24
48
29
43
22
23
24
68
67
21
45
24
54
34
34
37
45
33
23
27
37
32
35
25
41
36
38
42
62
35
37
34
53
53
31
31
31
73
25
30
29
37
24
36
29
45
42
38
22
36
21
29
39
38
30
49
64
28
23
48
28
20
22
21
29
23
35
19
24
22
45
32
24
35
31
26
80
27
22
52
21
26
32
47
35
45
25
35
40
46
23
43
59
50
29
34
22
41
23
26
25
52
30
22
27
52
26
40
21
26
36
51
83
54
20
61
35
37
22
29
42
23
28
63
47
41
33
34
61
23
38
24
26
26
34
31
25
21
29
30
41
33
21
46
27
52
20
24
23
26
38
28
22
60
24
27
105
50
31
37
23
32
26
43
38
28
25
33
78
47
22
28
24
56
22
42
23
32
36
34
34
23
21
22
71
27
24
51
73
39
27
32
29
40
36
31
23
28
32
33
23
47
36
44
42
20
33
22
60
30
32
31
27
57
31
55
31
32
39
38
48
33
29
70
67
31
28
23
42
30
22
29
50
33
55
27
21
24
24
20
22
34
42
44
19
24
20
51
61
22
22
22
21
59
23
20
35
45
28
22
35
53
24
48
100
37
36
35
37
47
28
28
21
25
38
20
47
59
27
51
23
20
21
29
36
22
27
23
27
26
31
25
36
23
61
57
71
28
23
26
20
23
23
64
62
27
29
21
23
27
22
88
56
40
35
31
29
28
38
38
38
41
43
26
34
29
20
21
50
38
24
37
49
29
23
32
32
45
22
21
26
41
69
29
24
52
41
25
33
42
28
40
27
42
51
28
24
33
23
20
32
26
80
40
22
46
28
38
47
54
39
25
30
25
30
33
27
22
25
23
60
34
27
87
55
29
44
29
39
36
20
30
95
44
33
27
29
29
28
46
36
57
55
28
52
64
43
24
21
64
30
27
44
27
56
29
21
41
25
38
34
20
28
25
27
52
30
33
28
39
39
31
31
32
32
37
32
23
28
21
25
42
31
27
29
27
33
21
30
23
31
67
34
22
26
29
22
26
27
84
25
29
29
38
30
29
29
22
43
72
23
36
30
28
26
79
21
26
48
30
41
25
22
37
24
24
38
27
22
26

